<?xml version="1.0" encoding="UTF-8"?>
<!-- Generated by org.testng.reporters.JUnitReportReporter -->
<testsuite hostname="DESKTOP-4CK50BN" failures="0" tests="1" name="MakeMyTrip_TestCases.Hotels_TestCase" time="5.506" errors="0" timestamp="2024-10-15T19:07:46 IST" skipped="0">
  <testcase classname="MakeMyTrip_TestCases.Hotels_TestCase" name="Hotels_TestCase" time="5.506"/>
</testsuite> <!-- MakeMyTrip_TestCases.Hotels_TestCase -->
