<?xml version="1.0" encoding="UTF-8"?>
<!-- Generated by org.testng.reporters.JUnitReportReporter -->
<testsuite hostname="DESKTOP-4CK50BN" failures="0" tests="1" name="MakeMyTrip_TestCases.Login_TestCase" time="9.512" errors="0" timestamp="2024-10-15T19:08:48 IST" skipped="0">
  <testcase classname="MakeMyTrip_TestCases.Login_TestCase" name="Login_TestCase" time="9.512"/>
</testsuite> <!-- MakeMyTrip_TestCases.Login_TestCase -->
