<?xml version="1.0" encoding="UTF-8"?>
<!-- Generated by org.testng.reporters.JUnitReportReporter -->
<testsuite hostname="DESKTOP-4CK50BN" failures="0" tests="1" name="MakeMyTrip_TestCases.Flight_TestCase" time="9.205" errors="0" timestamp="2024-10-15T19:06:25 IST" skipped="0">
  <testcase classname="MakeMyTrip_TestCases.Flight_TestCase" name="Flight_TestCase" time="9.205"/>
</testsuite> <!-- MakeMyTrip_TestCases.Flight_TestCase -->
